mode: set
github.com/camiloa17/bookings/cmd/web/main.go:22.13,24.16 2 0
github.com/camiloa17/bookings/cmd/web/main.go:24.16,26.3 1 0
github.com/camiloa17/bookings/cmd/web/main.go:27.2,34.16 4 0
github.com/camiloa17/bookings/cmd/web/main.go:34.16,36.3 1 0
github.com/camiloa17/bookings/cmd/web/main.go:39.18,54.16 10 1
github.com/camiloa17/bookings/cmd/web/main.go:54.16,57.3 2 0
github.com/camiloa17/bookings/cmd/web/main.go:59.2,67.12 6 1
github.com/camiloa17/bookings/cmd/web/middleware.go:10.45,20.2 3 1
github.com/camiloa17/bookings/cmd/web/middleware.go:23.50,25.2 1 1
github.com/camiloa17/bookings/cmd/web/routes.go:13.49,51.2 20 1
